<?xml version="1.0" encoding="UTF-8"?>
<testsuite xmlns:xsi="http://www.w3.org/2001/XMLSchema-instance" xsi:noNamespaceSchemaLocation="https://maven.apache.org/surefire/maven-surefire-plugin/xsd/surefire-test-report-3.0.xsd" version="3.0" name="TestePersistencia" time="1.881" tests="1" errors="0" skipped="0" failures="0">
  <properties>
[...]
</properties>
  <testcase name="teste" classname="TestePersistencia" time="0.064">
    <system-out><![CDATA[Hibernate: alter table dias_frequentados drop constraint FKb8e6f6b7wcf6s3d7ocoydmikk
Hibernate: alter table tb_Aluno drop constraint FKogi7u3y52lklow8s67pt3y0ca
Hibernate: alter table tb_Curso drop constraint FKdtbdshdppr1m3wd20orv83hsk
Hibernate: alter table tb_Curso drop constraint FK9722r3ogtymfy50puwn81wsyx
Hibernate: alter table tb_Curso drop constraint FKsg73dgdhnmq2wbcyadi84y0i4
Hibernate: alter table tb_Curso drop constraint FKdn30arxcr9uxssenplnl87r5c
Hibernate: alter table tb_Funcionario drop constraint FKg3w7fdlfsdp0ugdeqfqp7e5xe
Hibernate: alter table tb_Instrutor drop constraint FKpc4onqb2x1cgr4quepmto40if
Hibernate: drop table if exists dias_frequentados cascade
Hibernate: drop table if exists tb_Aluno cascade
Hibernate: drop table if exists tb_Curso cascade
Hibernate: drop table if exists tb_Funcionario cascade
Hibernate: drop table if exists tb_Historico cascade
Hibernate: drop table if exists tb_Instrutor cascade
Hibernate: drop table if exists tb_Pessoa cascade
Hibernate: drop sequence if exists hibernate_sequence
Hibernate: create sequence hibernate_sequence start 1 increment 1
Hibernate: create table dias_frequentados (HistoricoAulas_id int4 not null, diaFrequentado timestamp)
Hibernate: create table tb_Aluno (matricula varchar(255) not null, renach varchar(255) not null, id int4 not null, primary key (id))
Hibernate: create table tb_Curso (id int4 not null, carga_horaria int4 not null, categoria char(1) not null, data_inicio date not null, aluno_id int4 not null, funcionario_id int4 not null, historico_id int4 not null, instrutor_id int4 not null, primary key (id))
Hibernate: create table tb_Funcionario (cargo varchar(255), id int4 not null, primary key (id))
Hibernate: create table tb_Historico (id int4 not null, primary key (id))
Hibernate: create table tb_Instrutor (cnh varchar(255) not null, id int4 not null, primary key (id))
Hibernate: create table tb_Pessoa (id int4 not null, cpf varchar(255), data_de_nasc date, fone varchar(255), nome varchar(255), primary key (id))
Hibernate: alter table dias_frequentados add constraint FKb8e6f6b7wcf6s3d7ocoydmikk foreign key (HistoricoAulas_id) references tb_Historico
Hibernate: alter table tb_Aluno add constraint FKogi7u3y52lklow8s67pt3y0ca foreign key (id) references tb_Pessoa
Hibernate: alter table tb_Curso add constraint FKdtbdshdppr1m3wd20orv83hsk foreign key (aluno_id) references tb_Aluno
Hibernate: alter table tb_Curso add constraint FK9722r3ogtymfy50puwn81wsyx foreign key (funcionario_id) references tb_Funcionario
Hibernate: alter table tb_Curso add constraint FKsg73dgdhnmq2wbcyadi84y0i4 foreign key (historico_id) references tb_Historico
Hibernate: alter table tb_Curso add constraint FKdn30arxcr9uxssenplnl87r5c foreign key (instrutor_id) references tb_Instrutor
Hibernate: alter table tb_Funcionario add constraint FKg3w7fdlfsdp0ugdeqfqp7e5xe foreign key (id) references tb_Pessoa
Hibernate: alter table tb_Instrutor add constraint FKpc4onqb2x1cgr4quepmto40if foreign key (id) references tb_Pessoa
Conexão aberta.
Hibernate: select nextval ('hibernate_sequence')
Hibernate: insert into tb_Pessoa (cpf, data_de_nasc, fone, nome, id) values (?, ?, ?, ?, ?)
Hibernate: insert into tb_Funcionario (cargo, id) values (?, ?)
Hibernate: select nextval ('hibernate_sequence')
Hibernate: insert into tb_Pessoa (cpf, data_de_nasc, fone, nome, id) values (?, ?, ?, ?, ?)
Hibernate: insert into tb_Instrutor (cnh, id) values (?, ?)
Hibernate: select nextval ('hibernate_sequence')
Hibernate: insert into tb_Pessoa (cpf, data_de_nasc, fone, nome, id) values (?, ?, ?, ?, ?)
Hibernate: insert into tb_Aluno (matricula, renach, id) values (?, ?, ?)
Hibernate: select nextval ('hibernate_sequence')
Hibernate: insert into tb_Historico (id) values (?)
Hibernate: insert into dias_frequentados (HistoricoAulas_id, diaFrequentado) values (?, ?)
Hibernate: insert into dias_frequentados (HistoricoAulas_id, diaFrequentado) values (?, ?)
Hibernate: insert into dias_frequentados (HistoricoAulas_id, diaFrequentado) values (?, ?)
Hibernate: insert into dias_frequentados (HistoricoAulas_id, diaFrequentado) values (?, ?)
Hibernate: insert into dias_frequentados (HistoricoAulas_id, diaFrequentado) values (?, ?)
Hibernate: select nextval ('hibernate_sequence')
Hibernate: insert into tb_Curso (aluno_id, carga_horaria, categoria, data_inicio, funcionario_id, historico_id, instrutor_id, id) values (?, ?, ?, ?, ?, ?, ?, ?)
]]></system-out>
    <system-err><![CDATA[nov. 05, 2024 11:48:26 AM org.hibernate.ejb.HibernatePersistence logDeprecation
WARN: HHH015016: Encountered a deprecated javax.persistence.spi.PersistenceProvider [org.hibernate.ejb.HibernatePersistence]; use [org.hibernate.jpa.HibernatePersistenceProvider] instead.
nov. 05, 2024 11:48:26 AM org.hibernate.ejb.HibernatePersistence logDeprecation
WARN: HHH015016: Encountered a deprecated javax.persistence.spi.PersistenceProvider [org.hibernate.ejb.HibernatePersistence]; use [org.hibernate.jpa.HibernatePersistenceProvider] instead.
nov. 05, 2024 11:48:26 AM org.hibernate.jpa.internal.util.LogHelper logPersistenceUnitInformation
INFO: HHH000204: Processing PersistenceUnitInfo [
	name: LPOO_SistemaAUTOESCOLA_jar_1.0-SNAPSHOTPU
	...]
nov. 05, 2024 11:48:26 AM org.hibernate.Version logVersion
INFO: HHH000412: Hibernate Core {5.3.3.Final}
nov. 05, 2024 11:48:26 AM org.hibernate.cfg.Environment <clinit>
INFO: HHH000206: hibernate.properties not found
nov. 05, 2024 11:48:26 AM org.hibernate.annotations.common.reflection.java.JavaReflectionManager <clinit>
INFO: HCANN000001: Hibernate Commons Annotations {5.0.4.Final}
nov. 05, 2024 11:48:26 AM org.hibernate.engine.jdbc.connections.internal.DriverManagerConnectionProviderImpl configure
WARN: HHH10001002: Using Hibernate built-in connection pool (not for production use!)
nov. 05, 2024 11:48:26 AM org.hibernate.engine.jdbc.connections.internal.DriverManagerConnectionProviderImpl buildCreator
INFO: HHH10001005: using driver [org.postgresql.Driver] at URL [jdbc:postgresql://localhost:5432/ProjetoLPOOE1_AdrielBZanetti]
nov. 05, 2024 11:48:26 AM org.hibernate.engine.jdbc.connections.internal.DriverManagerConnectionProviderImpl buildCreator
INFO: HHH10001001: Connection properties: {password=****, user=postgres}
nov. 05, 2024 11:48:26 AM org.hibernate.engine.jdbc.connections.internal.DriverManagerConnectionProviderImpl buildCreator
INFO: HHH10001003: Autocommit mode: false
nov. 05, 2024 11:48:26 AM org.hibernate.engine.jdbc.connections.internal.DriverManagerConnectionProviderImpl$PooledConnections <init>
INFO: HHH000115: Hibernate connection pool size: 20 (min=1)
nov. 05, 2024 11:48:26 AM org.hibernate.dialect.Dialect <init>
INFO: HHH000400: Using dialect: org.hibernate.dialect.PostgreSQLDialect
nov. 05, 2024 11:48:27 AM org.hibernate.engine.jdbc.env.internal.LobCreatorBuilderImpl useContextualLobCreation
INFO: HHH000424: Disabling contextual LOB creation as createClob() method threw error : java.lang.reflect.InvocationTargetException
nov. 05, 2024 11:48:27 AM org.hibernate.type.BasicTypeRegistry register
INFO: HHH000270: Type registration [java.util.UUID] overrides previous : org.hibernate.type.UUIDBinaryType@4fbdc0f0
nov. 05, 2024 11:48:27 AM org.hibernate.resource.transaction.backend.jdbc.internal.DdlTransactionIsolatorNonJtaImpl getIsolatedConnection
INFO: HHH10001501: Connection obtained from JdbcConnectionAccess [org.hibernate.engine.jdbc.env.internal.JdbcEnvironmentInitiator$ConnectionProviderJdbcConnectionAccess@10a98392] for (non-JTA) DDL execution was not in auto-commit mode; the Connection 'local transaction' will be committed and the Connection will be set into auto-commit mode.
nov. 05, 2024 11:48:27 AM org.hibernate.resource.transaction.backend.jdbc.internal.DdlTransactionIsolatorNonJtaImpl getIsolatedConnection
INFO: HHH10001501: Connection obtained from JdbcConnectionAccess [org.hibernate.engine.jdbc.env.internal.JdbcEnvironmentInitiator$ConnectionProviderJdbcConnectionAccess@27329d2a] for (non-JTA) DDL execution was not in auto-commit mode; the Connection 'local transaction' will be committed and the Connection will be set into auto-commit mode.
nov. 05, 2024 11:48:27 AM org.hibernate.tool.schema.internal.SchemaCreatorImpl applyImportSources
INFO: HHH000476: Executing import script 'org.hibernate.tool.schema.internal.exec.ScriptSourceInputNonExistentImpl@34585ac9'
]]></system-err>
  </testcase>
</testsuite>